<?xml version="1.0" encoding="UTF-8" ?>
<testsuite failures="0" time="1.853" errors="1" skipped="0" tests="6" name="lt.denislav.samples.jpa.jpql.SelectInJpqlTest">
  <properties>
[...]
</properties>
  <testcase time="1.53" classname="lt.denislav.samples.jpa.jpql.SelectInJpqlTest" name="usageOfFindById"/>
  <testcase time="0.085" classname="lt.denislav.samples.jpa.jpql.SelectInJpqlTest" name="usageOfSelect"/>
  <testcase time="0.031" classname="lt.denislav.samples.jpa.jpql.SelectInJpqlTest" name="usageOfStatementFetch"/>
  <testcase time="0.026" classname="lt.denislav.samples.jpa.jpql.SelectInJpqlTest" name="usageOfStatementInnerJoin"/>
  <testcase time="0.016" classname="lt.denislav.samples.jpa.jpql.SelectInJpqlTest" name="usageOfConstructorInSelect">
    <error message="org.hibernate.QueryException: could not instantiate class [lt.denislav.samples.jpa.dto.ClaimDTO] from tuple" type="java.lang.IllegalArgumentException">java.lang.IllegalArgumentException: org.hibernate.QueryException: could not instantiate class [lt.denislav.samples.jpa.dto.ClaimDTO] from tuple
	at org.hibernate.ejb.AbstractEntityManagerImpl.convert(AbstractEntityManagerImpl.java:1374)
	at org.hibernate.ejb.AbstractEntityManagerImpl.convert(AbstractEntityManagerImpl.java:1310)
	at org.hibernate.ejb.QueryImpl.getResultList(QueryImpl.java:273)
	at lt.denislav.samples.jpa.jpql.SelectInJpqlTest.usageOfConstructorInSelect(SelectInJpqlTest.java:122)
	at sun.reflect.NativeMethodAccessorImpl.invoke0(Native Method)
	at sun.reflect.NativeMethodAccessorImpl.invoke(NativeMethodAccessorImpl.java:39)
	at sun.reflect.DelegatingMethodAccessorImpl.invoke(DelegatingMethodAccessorImpl.java:25)
	at java.lang.reflect.Method.invoke(Method.java:597)
	at org.junit.runners.model.FrameworkMethod$1.runReflectiveCall(FrameworkMethod.java:45)
	at org.junit.internal.runners.model.ReflectiveCallable.run(ReflectiveCallable.java:15)
	at org.junit.runners.model.FrameworkMethod.invokeExplosively(FrameworkMethod.java:42)
	at org.junit.internal.runners.statements.InvokeMethod.evaluate(InvokeMethod.java:20)
	at org.junit.internal.runners.statements.RunBefores.evaluate(RunBefores.java:28)
	at org.springframework.test.context.junit4.statements.RunBeforeTestMethodCallbacks.evaluate(RunBeforeTestMethodCallbacks.java:74)
	at org.springframework.test.context.junit4.statements.RunAfterTestMethodCallbacks.evaluate(RunAfterTestMethodCallbacks.java:82)
	at org.springframework.test.context.junit4.statements.SpringRepeat.evaluate(SpringRepeat.java:72)
	at org.springframework.test.context.junit4.SpringJUnit4ClassRunner.runChild(SpringJUnit4ClassRunner.java:240)
	at org.junit.runners.BlockJUnit4ClassRunner.runChild(BlockJUnit4ClassRunner.java:47)
	at org.junit.runners.ParentRunner$3.run(ParentRunner.java:231)
	at org.junit.runners.ParentRunner$1.schedule(ParentRunner.java:60)
	at org.junit.runners.ParentRunner.runChildren(ParentRunner.java:229)
	at org.junit.runners.ParentRunner.access$000(ParentRunner.java:50)
	at org.junit.runners.ParentRunner$2.evaluate(ParentRunner.java:222)
	at org.springframework.test.context.junit4.statements.RunBeforeTestClassCallbacks.evaluate(RunBeforeTestClassCallbacks.java:61)
	at org.springframework.test.context.junit4.statements.RunAfterTestClassCallbacks.evaluate(RunAfterTestClassCallbacks.java:70)
	at org.junit.runners.ParentRunner.run(ParentRunner.java:300)
	at org.springframework.test.context.junit4.SpringJUnit4ClassRunner.run(SpringJUnit4ClassRunner.java:180)
	at org.apache.maven.surefire.junit4.JUnit4TestSet.execute(JUnit4TestSet.java:53)
	at org.apache.maven.surefire.junit4.JUnit4Provider.executeTestSet(JUnit4Provider.java:123)
	at org.apache.maven.surefire.junit4.JUnit4Provider.invoke(JUnit4Provider.java:104)
	at sun.reflect.NativeMethodAccessorImpl.invoke0(Native Method)
	at sun.reflect.NativeMethodAccessorImpl.invoke(NativeMethodAccessorImpl.java:39)
	at sun.reflect.DelegatingMethodAccessorImpl.invoke(DelegatingMethodAccessorImpl.java:25)
	at java.lang.reflect.Method.invoke(Method.java:597)
	at org.apache.maven.surefire.util.ReflectionUtils.invokeMethodWithArray(ReflectionUtils.java:164)
	at org.apache.maven.surefire.booter.ProviderFactory$ProviderProxy.invoke(ProviderFactory.java:110)
	at org.apache.maven.surefire.booter.SurefireStarter.invokeProvider(SurefireStarter.java:175)
	at org.apache.maven.surefire.booter.SurefireStarter.runSuitesInProcessWhenForked(SurefireStarter.java:107)
	at org.apache.maven.surefire.booter.ForkedBooter.main(ForkedBooter.java:68)
Caused by: org.hibernate.QueryException: could not instantiate class [lt.denislav.samples.jpa.dto.ClaimDTO] from tuple
	at org.hibernate.transform.AliasToBeanConstructorResultTransformer.transformTuple(AliasToBeanConstructorResultTransformer.java:57)
	at org.hibernate.hql.internal.HolderInstantiator.instantiate(HolderInstantiator.java:95)
	at org.hibernate.loader.hql.QueryLoader.getResultList(QueryLoader.java:458)
	at org.hibernate.loader.Loader.listIgnoreQueryCache(Loader.java:2338)
	at org.hibernate.loader.Loader.list(Loader.java:2333)
	at org.hibernate.loader.hql.QueryLoader.list(QueryLoader.java:490)
	at org.hibernate.hql.internal.ast.QueryTranslatorImpl.list(QueryTranslatorImpl.java:355)
	at org.hibernate.engine.query.spi.HQLQueryPlan.performList(HQLQueryPlan.java:195)
	at org.hibernate.internal.SessionImpl.list(SessionImpl.java:1269)
	at org.hibernate.internal.QueryImpl.list(QueryImpl.java:101)
	at org.hibernate.ejb.QueryImpl.getResultList(QueryImpl.java:264)
	... 36 more
Caused by: java.lang.reflect.InvocationTargetException
	at sun.reflect.NativeConstructorAccessorImpl.newInstance0(Native Method)
	at sun.reflect.NativeConstructorAccessorImpl.newInstance(NativeConstructorAccessorImpl.java:39)
	at sun.reflect.DelegatingConstructorAccessorImpl.newInstance(DelegatingConstructorAccessorImpl.java:27)
	at java.lang.reflect.Constructor.newInstance(Constructor.java:513)
	at org.hibernate.transform.AliasToBeanConstructorResultTransformer.transformTuple(AliasToBeanConstructorResultTransformer.java:54)
	... 46 more
Caused by: java.lang.Error: Unresolved compilation problem: 
	The method ClaimDTO in type ClaimDTO can only set one of public / protected / private

	at lt.denislav.samples.jpa.dto.ClaimDTO.&lt;init&gt;(ClaimDTO.java:26)
	... 51 more
</error>
    <system-out>14:14:31,459 DEBUG [main] [hibernate.SQL]: insert into ClaimDetail (id, version, description) values (default, ?, ?)
14:14:31,459 DEBUG [main] [hibernate.SQL]: insert into Claim (id, version, claimNumber, date, claimDetailId, policyId, status) values (default, ?, ?, ?, ?, ?, ?)
14:14:31,461 DEBUG [main] [hibernate.SQL]: insert into PersonDetail (id, version, personalCode) values (default, ?, ?)
14:14:31,462 DEBUG [main] [hibernate.SQL]: insert into Person (id, version, name, personDetailId) values (default, ?, ?, ?)
14:14:31,463 DEBUG [main] [hibernate.SQL]: insert into ClaimDetail (id, version, description) values (default, ?, ?)
14:14:31,463 DEBUG [main] [hibernate.SQL]: insert into Claim (id, version, claimNumber, date, claimDetailId, policyId, status) values (default, ?, ?, ?, ?, ?, ?)
14:14:31,464 DEBUG [main] [hibernate.SQL]: insert into PersonDetail (id, version, personalCode) values (default, ?, ?)
14:14:31,465 DEBUG [main] [hibernate.SQL]: insert into Person (id, version, name, personDetailId) values (default, ?, ?, ?)
14:14:31,466 DEBUG [main] [hibernate.SQL]: insert into Claim (id, version, claimNumber, date, claimDetailId, policyId, status) values (default, ?, ?, ?, ?, ?, ?)
14:14:31,473 DEBUG [main] [hibernate.SQL]: select claim0_.status as col_0_0_ from Claim claim0_
</system-out>
  </testcase>
  <testcase time="0.014" classname="lt.denislav.samples.jpa.jpql.SelectInJpqlTest" name="bla"/>
</testsuite>